# Logfile created on 2021-01-17 01:46:56 +0000 by logger.rb/v1.4.2
[2021-01-17T01:46:56+00:00] INFO: Started Chef Infra Zero at chefzero://localhost:1 with repository at /opt/gitlab/embedded
  One version per cookbook

[2021-01-17T01:46:57+00:00] INFO: *** Chef Infra Client 15.14.0 ***
[2021-01-17T01:46:57+00:00] INFO: Platform: x86_64-linux
[2021-01-17T01:46:57+00:00] INFO: Chef-client pid: 28
[2021-01-17T01:46:57+00:00] WARN: Plugin Network: unable to detect ipaddress
[2021-01-17T01:46:57+00:00] INFO: Setting the run_list to ["recipe[gitlab]"] from CLI options
[2021-01-17T01:46:57+00:00] INFO: Run List is [recipe[gitlab]]
[2021-01-17T01:46:57+00:00] INFO: Run List expands to [gitlab]
[2021-01-17T01:46:57+00:00] INFO: Starting Chef Infra Client Run for git.mauldin314.com
[2021-01-17T01:46:57+00:00] INFO: Running start handlers
[2021-01-17T01:46:57+00:00] INFO: Start handlers complete.
[2021-01-17T01:46:58+00:00] INFO: Loading cookbooks [gitlab@0.0.1, package@0.1.0, logrotate@0.0.0, postgresql@0.1.0, redis@0.1.0, monitoring@0.1.0, registry@0.1.0, mattermost@0.1.0, consul@0.1.0, gitaly@0.1.0, praefect@0.1.0, gitlab-kas@0.1.0, gitlab-pages@0.1.0, letsencrypt@0.1.0, nginx@0.1.0, runit@5.1.3, acme@4.1.1, crond@0.1.0]
[2021-01-17T01:47:00+00:00] INFO: Skipped selecting an init system because it was explicitly disabled
[2021-01-17T01:47:01+00:00] INFO: template[/opt/gitlab/etc/gitlab-rails/gitlab-rails-rc] backed up to /opt/gitlab/embedded/cookbooks/cache/backup/opt/gitlab/etc/gitlab-rails/gitlab-rails-rc.chef-20210117014701.771029
[2021-01-17T01:47:01+00:00] INFO: template[/opt/gitlab/etc/gitlab-rails/gitlab-rails-rc] updated file contents /opt/gitlab/etc/gitlab-rails/gitlab-rails-rc
[2021-01-17T01:47:01+00:00] INFO: template[/var/opt/gitlab/gitlab-rails/etc/gitlab.yml] backed up to /opt/gitlab/embedded/cookbooks/cache/backup/var/opt/gitlab/gitlab-rails/etc/gitlab.yml.chef-20210117014701.906748
[2021-01-17T01:47:01+00:00] INFO: template[/var/opt/gitlab/gitlab-rails/etc/gitlab.yml] updated file contents /var/opt/gitlab/gitlab-rails/etc/gitlab.yml
[2021-01-17T01:47:01+00:00] WARN: only_if block for templatesymlink[Create a gitlab_pages_secret and create a symlink to Rails root] returned a string, did you mean to run a command?
[2021-01-17T01:47:01+00:00] WARN: only_if block for templatesymlink[Create a gitlab_kas_secret and create a symlink to Rails root] returned a string, did you mean to run a command?
[2021-01-17T01:47:02+00:00] INFO: link[/opt/gitlab/service/redis] created
[2021-01-17T01:47:02+00:00] INFO: link[/opt/gitlab/service/gitaly] created
[2021-01-17T01:47:02+00:00] INFO: link[/opt/gitlab/service/postgresql] created
[2021-01-17T01:47:02+00:00] INFO: file[/opt/gitlab/service/postgresql/supervise/status] owner changed to 996
[2021-01-17T01:47:02+00:00] INFO: file[/opt/gitlab/service/postgresql/supervise/status] group changed to 996
[2021-01-17T01:47:02+00:00] INFO: file[/opt/gitlab/service/postgresql/supervise/status] updated atime and mtime to 2021-01-17 01:47:02 +0000
[2021-01-17T01:47:02+00:00] INFO: file[/opt/gitlab/service/postgresql/log/supervise/status] owner changed to 996
[2021-01-17T01:47:02+00:00] INFO: file[/opt/gitlab/service/postgresql/log/supervise/status] group changed to 996
[2021-01-17T01:47:02+00:00] INFO: file[/opt/gitlab/service/postgresql/log/supervise/status] updated atime and mtime to 2021-01-17 01:47:02 +0000
[2021-01-17T01:47:03+00:00] INFO: runit_service[puma] running why-run enable action to support before action
[2021-01-17T01:47:03+00:00] INFO: runit_service[puma] sending stop action to unicorn_service[unicorn] (before)
[2021-01-17T01:47:03+00:00] INFO: link[/opt/gitlab/service/puma] created
[2021-01-17T01:47:03+00:00] INFO: link[/opt/gitlab/service/sidekiq] created
[2021-01-17T01:47:03+00:00] INFO: link[/opt/gitlab/service/gitlab-workhorse] created
[2021-01-17T01:47:03+00:00] INFO: template[/var/opt/gitlab/nginx/conf/gitlab-http.conf] backed up to /opt/gitlab/embedded/cookbooks/cache/backup/var/opt/gitlab/nginx/conf/gitlab-http.conf.chef-20210117014703.445379
[2021-01-17T01:47:03+00:00] INFO: template[/var/opt/gitlab/nginx/conf/gitlab-http.conf] updated file contents /var/opt/gitlab/nginx/conf/gitlab-http.conf
[2021-01-17T01:47:03+00:00] INFO: template[/var/opt/gitlab/nginx/conf/gitlab-registry.conf] backed up to /opt/gitlab/embedded/cookbooks/cache/backup/var/opt/gitlab/nginx/conf/gitlab-registry.conf.chef-20210117014703.482007
[2021-01-17T01:47:03+00:00] INFO: template[/var/opt/gitlab/nginx/conf/gitlab-registry.conf] deleted file at /var/opt/gitlab/nginx/conf/gitlab-registry.conf
[2021-01-17T01:47:03+00:00] INFO: template[/var/opt/gitlab/nginx/conf/nginx.conf] backed up to /opt/gitlab/embedded/cookbooks/cache/backup/var/opt/gitlab/nginx/conf/nginx.conf.chef-20210117014703.517646
[2021-01-17T01:47:03+00:00] INFO: template[/var/opt/gitlab/nginx/conf/nginx.conf] updated file contents /var/opt/gitlab/nginx/conf/nginx.conf
[2021-01-17T01:47:03+00:00] INFO: link[/opt/gitlab/service/nginx] created
[2021-01-17T01:47:03+00:00] INFO: link[/opt/gitlab/service/logrotate] created
[2021-01-17T01:47:03+00:00] INFO: link[/opt/gitlab/service/gitlab-exporter] created
[2021-01-17T01:47:03+00:00] INFO: link[/opt/gitlab/service/redis-exporter] created
[2021-01-17T01:47:03+00:00] INFO: link[/opt/gitlab/service/prometheus] created
[2021-01-17T01:47:03+00:00] INFO: link[/opt/gitlab/service/alertmanager] created
[2021-01-17T01:47:04+00:00] INFO: link[/opt/gitlab/service/postgres-exporter] created
[2021-01-17T01:47:04+00:00] WARN: Connecting to GitLab to generate new app_id and app_secret for GitLab Grafana.
[2021-01-17T01:47:16+00:00] WARN: Something went wrong while trying to update gitlab-secrets.json. Check the file permissions and try reconfiguring again.
[2021-01-17T01:47:16+00:00] INFO: ruby_block[authorize Grafana with GitLab] called
[2021-01-17T01:47:16+00:00] INFO: ruby_block[populate Grafana configuration options] called
[2021-01-17T01:47:16+00:00] INFO: link[/opt/gitlab/service/grafana] created
[2021-01-17T01:47:16+00:00] INFO: templatesymlink[Create a gitlab.yml and create a symlink to Rails root] sending run action to execute[clear the gitlab-rails cache] (delayed)
[2021-01-17T01:47:29+00:00] ERROR: Running exception handlers
[2021-01-17T01:47:29+00:00] ERROR: Exception handlers complete
[2021-01-17T01:47:29+00:00] FATAL: Stacktrace dumped to /opt/gitlab/embedded/cookbooks/cache/chef-stacktrace.out
[2021-01-17T01:47:29+00:00] FATAL: Please provide the contents of the stacktrace.out file if you file a bug report
[2021-01-17T01:47:29+00:00] FATAL: Mixlib::ShellOut::ShellCommandFailed: execute[clear the gitlab-rails cache] (gitlab::gitlab-rails line 439) had an error: Mixlib::ShellOut::ShellCommandFailed: Expected process to exit with [0], but received '1'
---- Begin output of /opt/gitlab/bin/gitlab-rake cache:clear ----
STDOUT: 
STDERR: Rails Error: Unable to access log file. Please ensure that /opt/gitlab/embedded/service/gitlab-rails/log/production.log exists and is writable (ie, make it writable for user and group: chmod 0664 /opt/gitlab/embedded/service/gitlab-rails/log/production.log). The log level has been raised to WARN and the output directed to STDERR until the problem is fixed.
rake aborted!
Errno::EACCES: Permission denied @ rb_sysopen - /opt/gitlab/embedded/service/gitlab-rails/log/application.log
/opt/gitlab/embedded/service/gitlab-rails/lib/gitlab/logger.rb:36:in `new'
/opt/gitlab/embedded/service/gitlab-rails/lib/gitlab/logger.rb:36:in `build'
/opt/gitlab/embedded/service/gitlab-rails/lib/gitlab/multi_destination_logger.rb:10:in `block in debug'
/opt/gitlab/embedded/service/gitlab-rails/lib/gitlab/multi_destination_logger.rb:10:in `each'
/opt/gitlab/embedded/service/gitlab-rails/lib/gitlab/multi_destination_logger.rb:10:in `debug'
/opt/gitlab/embedded/service/gitlab-rails/config/initializers/active_record_lifecycle.rb:10:in `block (2 levels) in <top (required)>'
/opt/gitlab/embedded/service/gitlab-rails/config/initializers/active_record_lifecycle.rb:7:in `block in <top (required)>'
/opt/gitlab/embedded/service/gitlab-rails/lib/gitlab/cluster/lifecycle_events.rb:76:in `on_worker_start'
/opt/gitlab/embedded/service/gitlab-rails/config/initializers/active_record_lifecycle.rb:6:in `<top (required)>'
/opt/gitlab/embedded/service/gitlab-rails/config/environment.rb:5:in `<top (required)>'
/opt/gitlab/embedded/bin/bundle:23:in `load'
/opt/gitlab/embedded/bin/bundle:23:in `<main>'
Tasks: TOP => cache:clear => cache:clear:redis => environment
(See full trace by running task with --trace)
---- End output of /opt/gitlab/bin/gitlab-rake cache:clear ----
Ran /opt/gitlab/bin/gitlab-rake cache:clear returned 1
